[0313/152003.746:ERROR:prune_crash_reports.cc(35)] PruneCrashReportDatabase: Failed to get pending reports
[0313/152221.161:ERROR:prune_crash_reports.cc(35)] PruneCrashReportDatabase: Failed to get pending reports
[0313/152254.030:ERROR:prune_crash_reports.cc(35)] PruneCrashReportDatabase: Failed to get pending reports
[0313/152418.384:ERROR:prune_crash_reports.cc(35)] PruneCrashReportDatabase: Failed to get pending reports
[0313/152510.387:ERROR:prune_crash_reports.cc(35)] PruneCrashReportDatabase: Failed to get pending reports
[0313/152658.561:ERROR:prune_crash_reports.cc(35)] PruneCrashReportDatabase: Failed to get pending reports
[0315/231040.231:ERROR:process_info.cc(359)] UncheckedAllocate
[0315/231057.845:ERROR:process_reader_win.cc(151)] SuspendThread: Acesso negado. (0x5)
[0315/231057.888:ERROR:process_info.cc(359)] UncheckedAllocate
[0315/231326.464:ERROR:filesystem_win.cc(148)] DeleteFile C:\Users\NAIDIO~1.BRO\AppData\Local\Temp\scoped_dir74708_417364493\Crashpad\reports\5addb933-69d7-4b5f-9d9a-908b536bc259.dmp: O arquivo já está sendo usado por outro processo. (0x20)
[0315/231737.694:ERROR:process_info.cc(359)] UncheckedAllocate
[0620/134721.323:ERROR:process_info.cc(359)] UncheckedAllocate
[0622/150856.009:ERROR:process_info.cc(329)] VirtualQueryEx: Acesso negado. (0x5)
[0622/150856.010:ERROR:process_info.cc(556)] ReadMemoryInfo failed
[0622/150856.010:ERROR:process_memory_win.cc(39)] Failed to initialize ProcessInfo.
[0622/150856.010:ERROR:scoped_process_suspend.cc(40)] NtResumeProcess: Tentou-se acessar um processo de saída. (0xc000010a)
[0622/155050.758:ERROR:process_info.cc(329)] VirtualQueryEx: Acesso negado. (0x5)
[0622/155050.759:ERROR:process_info.cc(556)] ReadMemoryInfo failed
[0622/155050.759:ERROR:scoped_process_suspend.cc(40)] NtResumeProcess: Tentou-se acessar um processo de saída. (0xc000010a)
[0622/160429.976:ERROR:process_info.cc(329)] VirtualQueryEx: Acesso negado. (0x5)
[0622/160429.976:ERROR:process_info.cc(556)] ReadMemoryInfo failed
[0622/160429.976:ERROR:process_memory_win.cc(39)] Failed to initialize ProcessInfo.
[0622/160429.977:ERROR:scoped_process_suspend.cc(40)] NtResumeProcess: Tentou-se acessar um processo de saída. (0xc000010a)
