#
# There is insufficient memory for the Java Runtime Environment to continue.
# Native memory allocation (malloc) failed to allocate 32744 bytes for ChunkPool::allocate
# Possible reasons:
#   The system is out of physical RAM or swap space
#   The process is running with CompressedOops enabled, and the Java Heap may be blocking the growth of the native heap
# Possible solutions:
#   Reduce memory load on the system
#   Increase physical memory or swap space
#   Check if swap backing store is full
#   Decrease Java heap size (-Xmx/-Xms)
#   Decrease number of Java threads
#   Decrease Java thread stack sizes (-Xss)
#   Set larger code cache with -XX:ReservedCodeCacheSize=
#   JVM is running with Unscaled Compressed Oops mode in which the Java heap is
#     placed in the first 4GB address space. The Java Heap base address is the
#     maximum limit for the native heap growth. Please use -XX:HeapBaseMinAddress
#     to set the Java Heap base and to place the Java Heap above 4GB virtual address.
# This output file may be truncated or incomplete.
#
#  Out of Memory Error (allocation.cpp:272), pid=84488, tid=0x000000000000c20c
#
# JRE version: Java(TM) SE Runtime Environment (8.0_241-b07) (build 1.8.0_241-b07)
# Java VM: Java HotSpot(TM) 64-Bit Server VM (25.241-b07 mixed mode windows-amd64 compressed oops)
# Failed to write core dump. Minidumps are not enabled by default on client versions of Windows
#

---------------  T H R E A D  ---------------

Current thread (0x000000001eba2000):  JavaThread "http-nio-8080-exec-1" daemon [_thread_in_vm, id=49676, stack(0x0000000021030000,0x0000000021130000)]

Stack: [0x0000000021030000,0x0000000021130000]
[error occurred during error reporting (printing stack bounds), id 0xc0000005]

Native frames: (J=compiled Java code, j=interpreted, Vv=VM code, C=native code)

Java frames: (J=compiled Java code, j=interpreted, Vv=VM code)
J 971  java.lang.ClassLoader.defineClass1(Ljava/lang/String;[BIILjava/security/ProtectionDomain;Ljava/lang/String;)Ljava/lang/Class; (0 bytes) @ 0x000000000287f3df [0x000000000287f340+0x9f]
J 821 C1 java.lang.ClassLoader.defineClass(Ljava/lang/String;[BIILjava/security/ProtectionDomain;)Ljava/lang/Class; (43 bytes) @ 0x000000000284007c [0x000000000283ff60+0x11c]
J 824 C1 java.net.URLClassLoader.defineClass(Ljava/lang/String;Lsun/misc/Resource;)Ljava/lang/Class; (142 bytes) @ 0x00000000028427e4 [0x0000000002841de0+0xa04]
J 757 C1 java.net.URLClassLoader$1.run()Ljava/lang/Class; (63 bytes) @ 0x000000000282328c [0x00000000028231c0+0xcc]
J 756 C1 java.net.URLClassLoader$1.run()Ljava/lang/Object; (5 bytes) @ 0x0000000002822e9c [0x0000000002822e60+0x3c]
v  ~StubRoutines::call_stub
J 266  java.security.AccessController.doPrivileged(Ljava/security/PrivilegedExceptionAction;Ljava/security/AccessControlContext;)Ljava/lang/Object; (0 bytes) @ 0x000000000274fd26 [0x000000000274fcc0+0x66]
J 725 C1 java.net.URLClassLoader.findClass(Ljava/lang/String;)Ljava/lang/Class; (47 bytes) @ 0x0000000002810b9c [0x0000000002810ae0+0xbc]
j  java.lang.ClassLoader.loadClass(Ljava/lang/String;Z)Ljava/lang/Class;+70
J 677 C1 sun.misc.Launcher$AppClassLoader.loadClass(Ljava/lang/String;Z)Ljava/lang/Class; (85 bytes) @ 0x00000000027f7ef4 [0x00000000027f7c00+0x2f4]
J 675 C1 java.lang.ClassLoader.loadClass(Ljava/lang/String;)Ljava/lang/Class; (7 bytes) @ 0x00000000027f72fc [0x00000000027f72a0+0x5c]
v  ~StubRoutines::call_stub
J 1529  java.lang.Class.getDeclaredConstructors0(Z)[Ljava/lang/reflect/Constructor; (0 bytes) @ 0x00000000029502bb [0x0000000002950280+0x3b]
J 925 C1 java.lang.Class.privateGetDeclaredConstructors(Z)[Ljava/lang/reflect/Constructor; (85 bytes) @ 0x000000000286d2ac [0x000000000286d120+0x18c]
J 2516 C1 java.lang.Class.getDeclaredConstructors()[Ljava/lang/reflect/Constructor; (18 bytes) @ 0x0000000002b00fc4 [0x0000000002b00f60+0x64]
j  com.gargoylesoftware.htmlunit.javascript.configuration.AbstractJavaScriptConfiguration.process(Lcom/gargoylesoftware/htmlunit/javascript/configuration/ClassConfiguration;Ljava/lang/String;Lcom/gargoylesoftware/htmlunit/javascript/configuration/SupportedBrowser;)V+46
j  com.gargoylesoftware.htmlunit.javascript.configuration.AbstractJavaScriptConfiguration.getClassConfiguration(Ljava/lang/Class;Lcom/gargoylesoftware/htmlunit/BrowserVersion;)Lcom/gargoylesoftware/htmlunit/javascript/configuration/ClassConfiguration;+583
j  com.gargoylesoftware.htmlunit.javascript.configuration.AbstractJavaScriptConfiguration.buildUsageMap(Lcom/gargoylesoftware/htmlunit/BrowserVersion;)Ljava/util/Map;+41
j  com.gargoylesoftware.htmlunit.javascript.configuration.AbstractJavaScriptConfiguration.<init>(Lcom/gargoylesoftware/htmlunit/BrowserVersion;)V+7
j  com.gargoylesoftware.htmlunit.javascript.configuration.JavaScriptConfiguration.<init>(Lcom/gargoylesoftware/htmlunit/BrowserVersion;)V+2
j  com.gargoylesoftware.htmlunit.javascript.configuration.JavaScriptConfiguration.getInstance(Lcom/gargoylesoftware/htmlunit/BrowserVersion;)Lcom/gargoylesoftware/htmlunit/javascript/configuration/JavaScriptConfiguration;+39
j  com.gargoylesoftware.htmlunit.javascript.JavaScriptEngine.<init>(Lcom/gargoylesoftware/htmlunit/WebClient;)V+30
j  com.gargoylesoftware.htmlunit.WebClient.<init>(Lcom/gargoylesoftware/htmlunit/BrowserVersion;Ljava/lang/String;I)V+290
j  com.gargoylesoftware.htmlunit.WebClient.<init>(Lcom/gargoylesoftware/htmlunit/BrowserVersion;)V+4
j  br.com.brognoli.casan.bean.LerSite.verificarSituacao(Lbr/com/brognoli/casan/model/Imovelcasan;)Lbr/com/brognoli/casan/model/Imovelcasan;+80
j  br.com.brognoli.casan.bean.LerSite.getBoletos(Ljava/util/List;)Ljava/util/List;+50
j  br.com.brognoli.casan.controller.DebitosController.getDeibtos()V+29
v  ~StubRoutines::call_stub
J 1918  sun.reflect.NativeMethodAccessorImpl.invoke0(Ljava/lang/reflect/Method;Ljava/lang/Object;[Ljava/lang/Object;)Ljava/lang/Object; (0 bytes) @ 0x00000000029f837f [0x00000000029f8300+0x7f]
J 1917 C1 sun.reflect.NativeMethodAccessorImpl.invoke(Ljava/lang/Object;[Ljava/lang/Object;)Ljava/lang/Object; (104 bytes) @ 0x00000000029f9114 [0x00000000029f8d60+0x3b4]
J 2000 C1 sun.reflect.DelegatingMethodAccessorImpl.invoke(Ljava/lang/Object;[Ljava/lang/Object;)Ljava/lang/Object; (10 bytes) @ 0x0000000002a18a7c [0x0000000002a18a20+0x5c]
J 1843 C1 java.lang.reflect.Method.invoke(Ljava/lang/Object;[Ljava/lang/Object;)Ljava/lang/Object; (62 bytes) @ 0x00000000029ddb4c [0x00000000029dda20+0x12c]
j  org.springframework.web.method.support.InvocableHandlerMethod.doInvoke([Ljava/lang/Object;)Ljava/lang/Object;+16
j  org.springframework.web.method.support.InvocableHandlerMethod.invokeForRequest(Lorg/springframework/web/context/request/NativeWebRequest;Lorg/springframework/web/method/support/ModelAndViewContainer;[Ljava/lang/Object;)Ljava/lang/Object;+56
j  org.springframework.web.servlet.mvc.method.annotation.ServletInvocableHandlerMethod.invokeAndHandle(Lorg/springframework/web/context/request/ServletWebRequest;Lorg/springframework/web/method/support/ModelAndViewContainer;[Ljava/lang/Object;)V+4
j  org.springframework.web.servlet.mvc.method.annotation.RequestMappingHandlerAdapter.invokeHandlerMethod(Ljavax/servlet/http/HttpServletRequest;Ljavax/servlet/http/HttpServletResponse;Lorg/springframework/web/method/HandlerMethod;)Lorg/springframework/web/servlet/ModelAndView;+244
j  org.springframework.web.servlet.mvc.method.annotation.RequestMappingHandlerAdapter.handleInternal(Ljavax/servlet/http/HttpServletRequest;Ljavax/servlet/http/HttpServletResponse;Lorg/springframework/web/method/HandlerMethod;)Lorg/springframework/web/servlet/ModelAndView;+81
j  org.springframework.web.servlet.mvc.method.AbstractHandlerMethodAdapter.handle(Ljavax/servlet/http/HttpServletRequest;Ljavax/servlet/http/HttpServletResponse;Ljava/lang/Object;)Lorg/springframework/web/servlet/ModelAndView;+7
j  org.springframework.web.servlet.DispatcherServlet.doDispatch(Ljavax/servlet/http/HttpServletRequest;Ljavax/servlet/http/HttpServletResponse;)V+257
j  org.springframework.web.servlet.DispatcherServlet.doService(Ljavax/servlet/http/HttpServletRequest;Ljavax/servlet/http/HttpServletResponse;)V+212
j  org.springframework.web.servlet.FrameworkServlet.processRequest(Ljavax/servlet/http/HttpServletRequest;Ljavax/servlet/http/HttpServletResponse;)V+71
j  org.springframework.web.servlet.FrameworkServlet.doGet(Ljavax/servlet/http/HttpServletRequest;Ljavax/servlet/http/HttpServletResponse;)V+3
j  javax.servlet.http.HttpServlet.service(Ljavax/servlet/http/HttpServletRequest;Ljavax/servlet/http/HttpServletResponse;)V+35
j  org.springframework.web.servlet.FrameworkServlet.service(Ljavax/servlet/http/HttpServletRequest;Ljavax/servlet/http/HttpServletResponse;)V+33
j  javax.servlet.http.HttpServlet.service(Ljavax/servlet/ServletRequest;Ljavax/servlet/ServletResponse;)V+36
j  org.apache.catalina.core.ApplicationFilterChain.internalDoFilter(Ljavax/servlet/ServletRequest;Ljavax/servlet/ServletResponse;)V+304
j  org.apache.catalina.core.ApplicationFilterChain.doFilter(Ljavax/servlet/ServletRequest;Ljavax/servlet/ServletResponse;)V+101
j  org.apache.tomcat.websocket.server.WsFilter.doFilter(Ljavax/servlet/ServletRequest;Ljavax/servlet/ServletResponse;Ljavax/servlet/FilterChain;)V+21
j  org.apache.catalina.core.ApplicationFilterChain.internalDoFilter(Ljavax/servlet/ServletRequest;Ljavax/servlet/ServletResponse;)V+135
j  org.apache.catalina.core.ApplicationFilterChain.doFilter(Ljavax/servlet/ServletRequest;Ljavax/servlet/ServletResponse;)V+101
j  org.springframework.web.filter.RequestContextFilter.doFilterInternal(Ljavax/servlet/http/HttpServletRequest;Ljavax/servlet/http/HttpServletResponse;Ljavax/servlet/FilterChain;)V+21
j  org.springframework.web.filter.OncePerRequestFilter.doFilter(Ljavax/servlet/ServletRequest;Ljavax/servlet/ServletResponse;Ljavax/servlet/FilterChain;)V+147
j  org.apache.catalina.core.ApplicationFilterChain.internalDoFilter(Ljavax/servlet/ServletRequest;Ljavax/servlet/ServletResponse;)V+135
j  org.apache.catalina.core.ApplicationFilterChain.doFilter(Ljavax/servlet/ServletRequest;Ljavax/servlet/ServletResponse;)V+101
j  org.springframework.web.filter.FormContentFilter.doFilterInternal(Ljavax/servlet/http/HttpServletRequest;Ljavax/servlet/http/HttpServletResponse;Ljavax/servlet/FilterChain;)V+38
j  org.springframework.web.filter.OncePerRequestFilter.doFilter(Ljavax/servlet/ServletRequest;Ljavax/servlet/ServletResponse;Ljavax/servlet/FilterChain;)V+147
j  org.apache.catalina.core.ApplicationFilterChain.internalDoFilter(Ljavax/servlet/ServletRequest;Ljavax/servlet/ServletResponse;)V+135
j  org.apache.catalina.core.ApplicationFilterChain.doFilter(Ljavax/servlet/ServletRequest;Ljavax/servlet/ServletResponse;)V+101
j  org.springframework.boot.actuate.metrics.web.servlet.WebMvcMetricsFilter.doFilterInternal(Ljavax/servlet/http/HttpServletRequest;Ljavax/servlet/http/HttpServletResponse;Ljavax/servlet/FilterChain;)V+21
j  org.springframework.web.filter.OncePerRequestFilter.doFilter(Ljavax/servlet/ServletRequest;Ljavax/servlet/ServletResponse;Ljavax/servlet/FilterChain;)V+147
j  org.apache.catalina.core.ApplicationFilterChain.internalDoFilter(Ljavax/servlet/ServletRequest;Ljavax/servlet/ServletResponse;)V+135
j  org.apache.catalina.core.ApplicationFilterChain.doFilter(Ljavax/servlet/ServletRequest;Ljavax/servlet/ServletResponse;)V+101
j  org.springframework.web.filter.CharacterEncodingFilter.doFilterInternal(Ljavax/servlet/http/HttpServletRequest;Ljavax/servlet/http/HttpServletResponse;Ljavax/servlet/FilterChain;)V+53
j  org.springframework.web.filter.OncePerRequestFilter.doFilter(Ljavax/servlet/ServletRequest;Ljavax/servlet/ServletResponse;Ljavax/servlet/FilterChain;)V+147
j  org.apache.catalina.core.ApplicationFilterChain.internalDoFilter(Ljavax/servlet/ServletRequest;Ljavax/servlet/ServletResponse;)V+135
j  org.apache.catalina.core.ApplicationFilterChain.doFilter(Ljavax/servlet/ServletRequest;Ljavax/servlet/ServletResponse;)V+101
j  org.apache.catalina.core.StandardWrapperValve.invoke(Lorg/apache/catalina/connector/Request;Lorg/apache/catalina/connector/Response;)V+694
j  org.apache.catalina.core.StandardContextValve.invoke(Lorg/apache/catalina/connector/Request;Lorg/apache/catalina/connector/Response;)V+166
j  org.apache.catalina.authenticator.AuthenticatorBase.invoke(Lorg/apache/catalina/connector/Request;Lorg/apache/catalina/connector/Response;)V+260
j  org.apache.catalina.core.StandardHostValve.invoke(Lorg/apache/catalina/connector/Request;Lorg/apache/catalina/connector/Response;)V+114
j  org.apache.catalina.valves.ErrorReportValve.invoke(Lorg/apache/catalina/connector/Request;Lorg/apache/catalina/connector/Response;)V+6
j  org.apache.catalina.core.StandardEngineValve.invoke(Lorg/apache/catalina/connector/Request;Lorg/apache/catalina/connector/Response;)V+45
j  org.apache.catalina.connector.CoyoteAdapter.service(Lorg/apache/coyote/Request;Lorg/apache/coyote/Response;)V+199
j  org.apache.coyote.http11.Http11Processor.service(Lorg/apache/tomcat/util/net/SocketWrapperBase;)Lorg/apache/tomcat/util/net/AbstractEndpoint$Handler$SocketState;+727
j  org.apache.coyote.AbstractProcessorLight.process(Lorg/apache/tomcat/util/net/SocketWrapperBase;Lorg/apache/tomcat/util/net/SocketEvent;)Lorg/apache/tomcat/util/net/AbstractEndpoint$Handler$SocketState;+170
j  org.apache.coyote.AbstractProtocol$ConnectionHandler.process(Lorg/apache/tomcat/util/net/SocketWrapperBase;Lorg/apache/tomcat/util/net/SocketEvent;)Lorg/apache/tomcat/util/net/AbstractEndpoint$Handler$SocketState;+505
j  org.apache.tomcat.util.net.NioEndpoint$SocketProcessor.doRun()V+221
j  org.apache.tomcat.util.net.SocketProcessorBase.run()V+21
j  java.util.concurrent.ThreadPoolExecutor.runWorker(Ljava/util/concurrent/ThreadPoolExecutor$Worker;)V+95
j  java.util.concurrent.ThreadPoolExecutor$Worker.run()V+5
j  org.apache.tomcat.util.threads.TaskThread$WrappingRunnable.run()V+4
j  java.lang.Thread.run()V+11
v  ~StubRoutines::call_stub

---------------  P R O C E S S  ---------------

Java Threads: ( => current thread )
  0x000000001e933000 JavaThread "Exec Stream Pumper" daemon [_thread_in_native, id=74048, stack(0x0000000024730000,0x0000000024830000)]
  0x000000001e936000 JavaThread "Exec Stream Pumper" daemon [_thread_in_native, id=71580, stack(0x0000000024630000,0x0000000024730000)]
  0x000000001ae33000 JavaThread "Exec Default Executor" daemon [_thread_in_native, id=43104, stack(0x0000000024530000,0x0000000024630000)]
  0x000000001ebae000 JavaThread "Exec Stream Pumper" daemon [_thread_in_native, id=61500, stack(0x0000000024330000,0x0000000024430000)]
  0x000000001ebaa800 JavaThread "Exec Stream Pumper" daemon [_thread_in_native, id=61652, stack(0x0000000024230000,0x0000000024330000)]
  0x000000001ec7f000 JavaThread "Exec Default Executor" daemon [_thread_in_native, id=58396, stack(0x0000000024130000,0x0000000024230000)]
  0x000000001ec7d800 JavaThread "Exec Stream Pumper" daemon [_thread_in_native, id=51584, stack(0x0000000023f30000,0x0000000024030000)]
  0x000000001ec7c800 JavaThread "Exec Stream Pumper" daemon [_thread_in_native, id=52380, stack(0x0000000023e30000,0x0000000023f30000)]
  0x000000001ec7b000 JavaThread "Exec Default Executor" daemon [_thread_in_native, id=52788, stack(0x0000000023d30000,0x0000000023e30000)]
  0x000000001ec82000 JavaThread "Exec Stream Pumper" daemon [_thread_in_native, id=41188, stack(0x0000000023b30000,0x0000000023c30000)]
  0x000000001ec7a800 JavaThread "Exec Stream Pumper" daemon [_thread_in_native, id=36156, stack(0x0000000023a30000,0x0000000023b30000)]
  0x000000001ec7c000 JavaThread "Exec Default Executor" daemon [_thread_in_native, id=41032, stack(0x0000000023930000,0x0000000023a30000)]
  0x000000001ec7e000 JavaThread "Exec Stream Pumper" daemon [_thread_in_native, id=31568, stack(0x0000000023730000,0x0000000023830000)]
  0x000000001ec80800 JavaThread "Exec Stream Pumper" daemon [_thread_in_native, id=30824, stack(0x0000000023630000,0x0000000023730000)]
  0x000000001ec7f800 JavaThread "Exec Default Executor" daemon [_thread_in_native, id=30108, stack(0x0000000023530000,0x0000000023630000)]
  0x000000001ec81000 JavaThread "Exec Stream Pumper" daemon [_thread_in_native, id=12936, stack(0x0000000023330000,0x0000000023430000)]
  0x000000001ec73000 JavaThread "Exec Stream Pumper" daemon [_thread_in_native, id=18564, stack(0x0000000023230000,0x0000000023330000)]
  0x000000001ec79000 JavaThread "Exec Default Executor" daemon [_thread_in_native, id=22204, stack(0x0000000022f30000,0x0000000023030000)]
  0x000000001ec79800 JavaThread "Okio Watchdog" daemon [_thread_blocked, id=85052, stack(0x0000000022e30000,0x0000000022f30000)]
  0x000000001ec76000 JavaThread "OkHttp ConnectionPool" daemon [_thread_blocked, id=78064, stack(0x0000000022d30000,0x0000000022e30000)]
  0x000000001ec75000 JavaThread "Exec Stream Pumper" daemon [_thread_in_native, id=15044, stack(0x0000000022930000,0x0000000022a30000)]
  0x000000001ec76800 JavaThread "Exec Stream Pumper" daemon [_thread_in_native, id=80820, stack(0x0000000022830000,0x0000000022930000)]
  0x000000001ec78000 JavaThread "UrlChecker-2" daemon [_thread_blocked, id=8844, stack(0x0000000022730000,0x0000000022830000)]
  0x000000001ec73800 JavaThread "Exec Default Executor" daemon [_thread_in_native, id=10160, stack(0x0000000022630000,0x0000000022730000)]
  0x000000001ec77800 JavaThread "RMI TCP Connection(idle)" daemon [_thread_blocked, id=29512, stack(0x0000000022330000,0x0000000022430000)]
  0x000000001ec74800 JavaThread "RMI TCP Connection(idle)" daemon [_thread_blocked, id=32928, stack(0x0000000022230000,0x0000000022330000)]
  0x000000001ebac000 JavaThread "RMI TCP Connection(idle)" daemon [_thread_blocked, id=84884, stack(0x0000000022130000,0x0000000022230000)]
  0x000000001ebab000 JavaThread "RMI TCP Connection(idle)" daemon [_thread_blocked, id=85004, stack(0x0000000022030000,0x0000000022130000)]
  0x000000001ebac800 JavaThread "RMI TCP Connection(idle)" daemon [_thread_blocked, id=51688, stack(0x0000000021e30000,0x0000000021f30000)]
  0x000000001ebad800 JavaThread "RMI TCP Connection(idle)" daemon [_thread_blocked, id=75588, stack(0x0000000021d30000,0x0000000021e30000)]
  0x000000001eba9800 JavaThread "DestroyJavaVM" [_thread_blocked, id=70744, stack(0x00000000023e0000,0x00000000024e0000)]
  0x000000001eba9000 JavaThread "http-nio-8080-Acceptor" daemon [_thread_in_native, id=73480, stack(0x0000000021b30000,0x0000000021c30000)]
  0x000000001ebaf000 JavaThread "http-nio-8080-ClientPoller" daemon [_thread_in_native, id=85384, stack(0x0000000021a30000,0x0000000021b30000)]
  0x000000001eba1800 JavaThread "http-nio-8080-exec-10" daemon [_thread_blocked, id=74992, stack(0x0000000021930000,0x0000000021a30000)]
  0x000000001eba7800 JavaThread "http-nio-8080-exec-9" daemon [_thread_blocked, id=82312, stack(0x0000000021830000,0x0000000021930000)]
  0x000000001eba6000 JavaThread "http-nio-8080-exec-8" daemon [_thread_blocked, id=78940, stack(0x0000000021730000,0x0000000021830000)]
  0x000000001eba8000 JavaThread "http-nio-8080-exec-7" daemon [_thread_blocked, id=62432, stack(0x0000000021630000,0x0000000021730000)]
  0x000000001eba5000 JavaThread "http-nio-8080-exec-6" daemon [_thread_blocked, id=64368, stack(0x0000000021530000,0x0000000021630000)]
  0x000000001eba3800 JavaThread "http-nio-8080-exec-5" daemon [_thread_blocked, id=56356, stack(0x0000000021430000,0x0000000021530000)]
  0x000000001eba3000 JavaThread "http-nio-8080-exec-4" daemon [_thread_blocked, id=81864, stack(0x0000000021330000,0x0000000021430000)]
  0x000000001eba0800 JavaThread "http-nio-8080-exec-3" daemon [_thread_blocked, id=85748, stack(0x0000000021230000,0x0000000021330000)]
  0x000000001eba4800 JavaThread "http-nio-8080-exec-2" daemon [_thread_blocked, id=63944, stack(0x0000000021130000,0x0000000021230000)]
=>0x000000001eba2000 JavaThread "http-nio-8080-exec-1" daemon [_thread_in_vm, id=49676, stack(0x0000000021030000,0x0000000021130000)]
  0x000000001eba0000 JavaThread "http-nio-8080-BlockPoller" daemon [_thread_in_native, id=75996, stack(0x0000000020f30000,0x0000000021030000)]
  0x000000001ae36000 JavaThread "Live Reload Server" daemon [_thread_in_native, id=85176, stack(0x0000000020e30000,0x0000000020f30000)]
  0x000000001ae35800 JavaThread "File Watcher" daemon [_thread_in_native, id=16152, stack(0x0000000020c30000,0x0000000020d30000)]
  0x000000001ae32800 JavaThread "HikariPool-1 housekeeper" daemon [_thread_blocked, id=83272, stack(0x000000001fc30000,0x000000001fd30000)]
  0x000000001ae34800 JavaThread "container-0" [_thread_blocked, id=82392, stack(0x000000001f630000,0x000000001f730000)]
  0x000000001ae31800 JavaThread "Catalina-utility-2" [_thread_blocked, id=46236, stack(0x000000001f330000,0x000000001f430000)]
  0x000000001ae31000 JavaThread "Catalina-utility-1" [_thread_blocked, id=76824, stack(0x000000001f230000,0x000000001f330000)]
  0x000000001ae30000 JavaThread "mysql-cj-abandoned-connection-cleanup" daemon [_thread_blocked, id=14448, stack(0x000000001f130000,0x000000001f230000)]
  0x000000001ae84800 JavaThread "JMX server connection timeout 21" daemon [_thread_blocked, id=61364, stack(0x000000001b730000,0x000000001b830000)]
  0x000000001ae86000 JavaThread "RMI TCP Accept-0" daemon [_thread_in_native, id=45240, stack(0x000000001b530000,0x000000001b630000)]
  0x000000001ae6d000 JavaThread "RMI TCP Connection(idle)" daemon [_thread_blocked, id=83120, stack(0x000000001b430000,0x000000001b530000)]
  0x000000001ae68000 JavaThread "RMI Scheduler(0)" daemon [_thread_blocked, id=85168, stack(0x000000001b330000,0x000000001b430000)]
  0x000000001ae7f000 JavaThread "RMI TCP Connection(idle)" daemon [_thread_blocked, id=77676, stack(0x000000001b230000,0x000000001b330000)]
  0x000000001ae50000 JavaThread "RMI TCP Accept-63162" daemon [_thread_in_native, id=72976, stack(0x000000001b130000,0x000000001b230000)]
  0x000000001ae46000 JavaThread "RMI TCP Accept-0" daemon [_thread_in_native, id=5316, stack(0x000000001b030000,0x000000001b130000)]
  0x00000000195e0800 JavaThread "Service Thread" daemon [_thread_blocked, id=54736, stack(0x000000001a730000,0x000000001a830000)]
  0x00000000195a0000 JavaThread "C1 CompilerThread3" daemon [_thread_blocked, id=48236, stack(0x000000001a630000,0x000000001a730000)]
  0x0000000019584800 JavaThread "C2 CompilerThread2" daemon [_thread_blocked, id=12680, stack(0x000000001a530000,0x000000001a630000)]
  0x0000000019547000 JavaThread "C2 CompilerThread1" daemon [_thread_blocked, id=75180, stack(0x000000001a430000,0x000000001a530000)]
  0x000000001953f800 JavaThread "C2 CompilerThread0" daemon [_thread_blocked, id=85980, stack(0x000000001a330000,0x000000001a430000)]
  0x0000000019531000 JavaThread "JDWP Command Reader" daemon [_thread_in_native, id=85332, stack(0x000000001a230000,0x000000001a330000)]
  0x000000001952e000 JavaThread "JDWP Event Helper Thread" daemon [_thread_blocked, id=60328, stack(0x000000001a130000,0x000000001a230000)]
  0x000000001952d800 JavaThread "JDWP Transport Listener: dt_socket" daemon [_thread_blocked, id=81084, stack(0x000000001a030000,0x000000001a130000)]
  0x0000000019519800 JavaThread "Attach Listener" daemon [_thread_blocked, id=35548, stack(0x0000000019bf0000,0x0000000019cf0000)]
  0x0000000019518800 JavaThread "Signal Dispatcher" daemon [_thread_blocked, id=2236, stack(0x0000000019af0000,0x0000000019bf0000)]
  0x00000000175e6800 JavaThread "Finalizer" daemon [_thread_blocked, id=3424, stack(0x00000000198e0000,0x00000000199e0000)]
  0x00000000175df800 JavaThread "Reference Handler" daemon [_thread_blocked, id=1860, stack(0x00000000193e0000,0x00000000194e0000)]

Other Threads:
  0x00000000175d7000 VMThread [stack: 0x00000000192e0000,0x00000000193e0000] [id=63988]
  0x000000001ae8d800 WatcherThread [stack: 0x000000001b830000,0x000000001b930000] [id=6324]

VM state:not at safepoint (normal execution)

VM Mutex/Monitor currently owned by a thread: None

heap address: 0x0000000080c00000, size: 2036 MB, Compressed Oops mode: 32-bit
Narrow klass base: 0x0000000000000000, Narrow klass shift: 3
Compressed class space size: 1073741824 Address: 0x0000000100000000

Heap:
 PSYoungGen      total 340992K, used 153621K [0x00000000d5980000, 0x00000000f2a00000, 0x0000000100000000)
  eden space 322048K, 47% used [0x00000000d5980000,0x00000000def854a0,0x00000000e9400000)
  from space 18944K, 0% used [0x00000000e9400000,0x00000000e9400000,0x00000000ea680000)
  to   space 19456K, 0% used [0x00000000f1700000,0x00000000f1700000,0x00000000f2a00000)
 ParOldGen       total 99328K, used 31392K [0x0000000080c00000, 0x0000000086d00000, 0x00000000d5980000)
  object space 99328K, 31% used [0x0000000080c00000,0x0000000082aa80b8,0x0000000086d00000)
 Metaspace       used 65157K, capacity 69137K, committed 69504K, reserved 1107968K
  class space    used 10294K, capacity 11035K, committed 11136K, reserved 1048576K

Card table byte_map: [0x00000000119a0000,0x0000000011da0000] byte_map_base: 0x000000001159a000

Marking Bits: (ParMarkBitMap*) 0x0000000065f0be30
 Begin Bits: [0x0000000012850000, 0x0000000014820000)
 End Bits:   [0x0000000014820000, 0x00000000167f0000)

Polling page: 0x0000000000b60000

CodeCache: size=245760Kb used=10601Kb max_used=10655Kb free=235158Kb
 bounds [0x00000000025e0000, 0x0000000003050000, 0x00000000115e0000]
 total_blobs=6315 nmethods=5727 adapters=506
 compilation: enabled

Compilation events (10 events):
Event: 83.934 Thread 0x00000000195a0000 nmethod 5845 0x0000000003042250 code [0x00000000030423c0, 0x0000000003042588]
Event: 84.666 Thread 0x00000000195a0000 5846       1       sun.misc.ProxyGenerator::generateStaticInitializer (457 bytes)
Event: 84.671 Thread 0x00000000195a0000 nmethod 5846 0x0000000003042fd0 code [0x00000000030435a0, 0x0000000003045868]
Event: 84.752 Thread 0x00000000195a0000 5847       1       com.gargoylesoftware.htmlunit.BrowserVersion::getNickname (5 bytes)
Event: 84.752 Thread 0x00000000195a0000 nmethod 5847 0x0000000003047d10 code [0x0000000003047e60, 0x0000000003047f70]
Event: 84.755 Thread 0x00000000195a0000 5848       1       com.gargoylesoftware.htmlunit.javascript.configuration.ClassConfiguration::getHostClass (5 bytes)
Event: 84.755 Thread 0x00000000195a0000 nmethod 5848 0x0000000003048e90 code [0x0000000003048fe0, 0x00000000030490f0]
Event: 84.785 Thread 0x00000000195a0000 5849       1       com.gargoylesoftware.htmlunit.javascript.configuration.AbstractJavaScriptConfiguration::isSupported (39 bytes)
Event: 84.786 Thread 0x00000000195a0000 nmethod 5849 0x0000000003049150 code [0x00000000030492c0, 0x0000000003049448]
Event: 84.798 Thread 0x00000000195a0000 5850       1       sun.misc.ProxyGenerator$ProxyMethod::generateMethod (733 bytes)

GC Heap History (10 events):
Event: 11.241 GC heap before
{Heap before GC invocations=10 (full 1):
 PSYoungGen      total 237568K, used 46188K [0x00000000d5980000, 0x00000000e5180000, 0x0000000100000000)
  eden space 225280K, 15% used [0x00000000d5980000,0x00000000d7cab1a8,0x00000000e3580000)
  from space 12288K, 82% used [0x00000000e4580000,0x00000000e4f701e8,0x00000000e5180000)
  to   space 14336K, 0% used [0x00000000e3580000,0x00000000e3580000,0x00000000e4380000)
 ParOldGen       total 51200K, used 10194K [0x0000000080c00000, 0x0000000083e00000, 0x00000000d5980000)
  object space 51200K, 19% used [0x0000000080c00000,0x00000000815f4bd8,0x0000000083e00000)
 Metaspace       used 33165K, capacity 35290K, committed 35416K, reserved 1079296K
  class space    used 4612K, capacity 5041K, committed 5120K, reserved 1048576K
Event: 11.250 GC heap after
Heap after GC invocations=10 (full 1):
 PSYoungGen      total 239616K, used 10388K [0x00000000d5980000, 0x00000000eb900000, 0x0000000100000000)
  eden space 225280K, 0% used [0x00000000d5980000,0x00000000d5980000,0x00000000e3580000)
  from space 14336K, 72% used [0x00000000e3580000,0x00000000e3fa51b0,0x00000000e4380000)
  to   space 14848K, 0% used [0x00000000eaa80000,0x00000000eaa80000,0x00000000eb900000)
 ParOldGen       total 51200K, used 11138K [0x0000000080c00000, 0x0000000083e00000, 0x00000000d5980000)
  object space 51200K, 21% used [0x0000000080c00000,0x00000000816e0a00,0x0000000083e00000)
 Metaspace       used 33165K, capacity 35290K, committed 35416K, reserved 1079296K
  class space    used 4612K, capacity 5041K, committed 5120K, reserved 1048576K
}
Event: 11.250 GC heap before
{Heap before GC invocations=11 (full 2):
 PSYoungGen      total 239616K, used 10388K [0x00000000d5980000, 0x00000000eb900000, 0x0000000100000000)
  eden space 225280K, 0% used [0x00000000d5980000,0x00000000d5980000,0x00000000e3580000)
  from space 14336K, 72% used [0x00000000e3580000,0x00000000e3fa51b0,0x00000000e4380000)
  to   space 14848K, 0% used [0x00000000eaa80000,0x00000000eaa80000,0x00000000eb900000)
 ParOldGen       total 51200K, used 11138K [0x0000000080c00000, 0x0000000083e00000, 0x00000000d5980000)
  object space 51200K, 21% used [0x0000000080c00000,0x00000000816e0a00,0x0000000083e00000)
 Metaspace       used 33165K, capacity 35290K, committed 35416K, reserved 1079296K
  class space    used 4612K, capacity 5041K, committed 5120K, reserved 1048576K
Event: 11.301 GC heap after
Heap after GC invocations=11 (full 2):
 PSYoungGen      total 239616K, used 0K [0x00000000d5980000, 0x00000000eb900000, 0x0000000100000000)
  eden space 225280K, 0% used [0x00000000d5980000,0x00000000d5980000,0x00000000e3580000)
  from space 14336K, 0% used [0x00000000e3580000,0x00000000e3580000,0x00000000e4380000)
  to   space 14848K, 0% used [0x00000000eaa80000,0x00000000eaa80000,0x00000000eb900000)
 ParOldGen       total 67072K, used 15873K [0x0000000080c00000, 0x0000000084d80000, 0x00000000d5980000)
  object space 67072K, 23% used [0x0000000080c00000,0x0000000081b80480,0x0000000084d80000)
 Metaspace       used 33165K, capacity 35290K, committed 35416K, reserved 1079296K
  class space    used 4612K, capacity 5041K, committed 5120K, reserved 1048576K
}
Event: 15.502 GC heap before
{Heap before GC invocations=12 (full 2):
 PSYoungGen      total 239616K, used 225280K [0x00000000d5980000, 0x00000000eb900000, 0x0000000100000000)
  eden space 225280K, 100% used [0x00000000d5980000,0x00000000e3580000,0x00000000e3580000)
  from space 14336K, 0% used [0x00000000e3580000,0x00000000e3580000,0x00000000e4380000)
  to   space 14848K, 0% used [0x00000000eaa80000,0x00000000eaa80000,0x00000000eb900000)
 ParOldGen       total 67072K, used 15873K [0x0000000080c00000, 0x0000000084d80000, 0x00000000d5980000)
  object space 67072K, 23% used [0x0000000080c00000,0x0000000081b80480,0x0000000084d80000)
 Metaspace       used 49947K, capacity 52782K, committed 52992K, reserved 1095680K
  class space    used 7130K, capacity 7679K, committed 7680K, reserved 1048576K
Event: 15.517 GC heap after
Heap after GC invocations=12 (full 2):
 PSYoungGen      total 331776K, used 14841K [0x00000000d5980000, 0x00000000eb900000, 0x0000000100000000)
  eden space 316928K, 0% used [0x00000000d5980000,0x00000000d5980000,0x00000000e8f00000)
  from space 14848K, 99% used [0x00000000eaa80000,0x00000000eb8fe6c0,0x00000000eb900000)
  to   space 18944K, 0% used [0x00000000e9400000,0x00000000e9400000,0x00000000ea680000)
 ParOldGen       total 67072K, used 20804K [0x0000000080c00000, 0x0000000084d80000, 0x00000000d5980000)
  object space 67072K, 31% used [0x0000000080c00000,0x00000000820511f0,0x0000000084d80000)
 Metaspace       used 49947K, capacity 52782K, committed 52992K, reserved 1095680K
  class space    used 7130K, capacity 7679K, committed 7680K, reserved 1048576K
}
Event: 19.154 GC heap before
{Heap before GC invocations=13 (full 2):
 PSYoungGen      total 331776K, used 148578K [0x00000000d5980000, 0x00000000eb900000, 0x0000000100000000)
  eden space 316928K, 42% used [0x00000000d5980000,0x00000000ddc1a178,0x00000000e8f00000)
  from space 14848K, 99% used [0x00000000eaa80000,0x00000000eb8fe6c0,0x00000000eb900000)
  to   space 18944K, 0% used [0x00000000e9400000,0x00000000e9400000,0x00000000ea680000)
 ParOldGen       total 67072K, used 20804K [0x0000000080c00000, 0x0000000084d80000, 0x00000000d5980000)
  object space 67072K, 31% used [0x0000000080c00000,0x00000000820511f0,0x0000000084d80000)
 Metaspace       used 55502K, capacity 58956K, committed 59008K, reserved 1099776K
  class space    used 7916K, capacity 8537K, committed 8576K, reserved 1048576K
Event: 19.168 GC heap after
Heap after GC invocations=13 (full 2):
 PSYoungGen      total 340992K, used 13369K [0x00000000d5980000, 0x00000000f2a00000, 0x0000000100000000)
  eden space 322048K, 0% used [0x00000000d5980000,0x00000000d5980000,0x00000000e9400000)
  from space 18944K, 70% used [0x00000000e9400000,0x00000000ea10e768,0x00000000ea680000)
  to   space 19456K, 0% used [0x00000000f1700000,0x00000000f1700000,0x00000000f2a00000)
 ParOldGen       total 67072K, used 27157K [0x0000000080c00000, 0x0000000084d80000, 0x00000000d5980000)
  object space 67072K, 40% used [0x0000000080c00000,0x00000000826855f0,0x0000000084d80000)
 Metaspace       used 55502K, capacity 58956K, committed 59008K, reserved 1099776K
  class space    used 7916K, capacity 8537K, committed 8576K, reserved 1048576K
}
Event: 19.168 GC heap before
{Heap before GC invocations=14 (full 3):
 PSYoungGen      total 340992K, used 13369K [0x00000000d5980000, 0x00000000f2a00000, 0x0000000100000000)
  eden space 322048K, 0% used [0x00000000d5980000,0x00000000d5980000,0x00000000e9400000)
  from space 18944K, 70% used [0x00000000e9400000,0x00000000ea10e768,0x00000000ea680000)
  to   space 19456K, 0% used [0x00000000f1700000,0x00000000f1700000,0x00000000f2a00000)
 ParOldGen       total 67072K, used 27157K [0x0000000080c00000, 0x0000000084d80000, 0x00000000d5980000)
  object space 67072K, 40% used [0x0000000080c00000,0x00000000826855f0,0x0000000084d80000)
 Metaspace       used 55502K, capacity 58956K, committed 59008K, reserved 1099776K
  class space    used 7916K, capacity 8537K, committed 8576K, reserved 1048576K
Event: 19.329 GC heap after
Heap after GC invocations=14 (full 3):
 PSYoungGen      total 340992K, used 0K [0x00000000d5980000, 0x00000000f2a00000, 0x0000000100000000)
  eden space 322048K, 0% used [0x00000000d5980000,0x00000000d5980000,0x00000000e9400000)
  from space 18944K, 0% used [0x00000000e9400000,0x00000000e9400000,0x00000000ea680000)
  to   space 19456K, 0% used [0x00000000f1700000,0x00000000f1700000,0x00000000f2a00000)
 ParOldGen       total 99328K, used 31392K [0x0000000080c00000, 0x0000000086d00000, 0x00000000d5980000)
  object space 99328K, 31% used [0x0000000080c00000,0x0000000082aa80b8,0x0000000086d00000)
 Metaspace       used 55502K, capacity 58956K, committed 59008K, reserved 1099776K
  class space    used 7916K, capacity 8537K, committed 8576K, reserved 1048576K
}

Deoptimization events (0 events):
No events

Classes redefined (0 events):
No events

Internal exceptions (10 events):
Event: 76.053 Thread 0x000000001eba2000 Exception <a 'java/net/SocketTimeoutException': Read timed out> (0x00000000db85d9a8) thrown at [C:\ade\jenkins\workspace\8-2-build-windows-amd64-cygwin\jdk8u241\331\hotspot\src\share\vm\prims\jni.cpp, line 736]
Event: 79.966 Thread 0x000000001eba2000 Exception <a 'java/net/SocketTimeoutException': Read timed out> (0x00000000db8f98e0) thrown at [C:\ade\jenkins\workspace\8-2-build-windows-amd64-cygwin\jdk8u241\331\hotspot\src\share\vm\prims\jni.cpp, line 736]
Event: 79.969 Thread 0x000000001eba2000 Exception <a 'java/net/SocketTimeoutException': Read timed out> (0x00000000db90d920) thrown at [C:\ade\jenkins\workspace\8-2-build-windows-amd64-cygwin\jdk8u241\331\hotspot\src\share\vm\prims\jni.cpp, line 736]
Event: 79.984 Thread 0x000000001eba2000 Exception <a 'java/net/SocketTimeoutException': Read timed out> (0x00000000db92e2d0) thrown at [C:\ade\jenkins\workspace\8-2-build-windows-amd64-cygwin\jdk8u241\331\hotspot\src\share\vm\prims\jni.cpp, line 736]
Event: 80.046 Thread 0x000000001eba2000 Exception <a 'java/net/SocketTimeoutException': Read timed out> (0x00000000db9424c8) thrown at [C:\ade\jenkins\workspace\8-2-build-windows-amd64-cygwin\jdk8u241\331\hotspot\src\share\vm\prims\jni.cpp, line 736]
Event: 80.061 Thread 0x000000001eba2000 Exception <a 'java/net/SocketTimeoutException': Read timed out> (0x00000000db961df8) thrown at [C:\ade\jenkins\workspace\8-2-build-windows-amd64-cygwin\jdk8u241\331\hotspot\src\share\vm\prims\jni.cpp, line 736]
Event: 80.119 Thread 0x000000001eba2000 Exception <a 'java/net/SocketTimeoutException': Read timed out> (0x00000000db976588) thrown at [C:\ade\jenkins\workspace\8-2-build-windows-amd64-cygwin\jdk8u241\331\hotspot\src\share\vm\prims\jni.cpp, line 736]
Event: 80.139 Thread 0x000000001eba2000 Exception <a 'java/net/SocketTimeoutException': Read timed out> (0x00000000db991070) thrown at [C:\ade\jenkins\workspace\8-2-build-windows-amd64-cygwin\jdk8u241\331\hotspot\src\share\vm\prims\jni.cpp, line 736]
Event: 83.770 Thread 0x000000001eba2000 Exception <a 'java/net/SocketTimeoutException': Read timed out> (0x00000000db9c93f8) thrown at [C:\ade\jenkins\workspace\8-2-build-windows-amd64-cygwin\jdk8u241\331\hotspot\src\share\vm\prims\jni.cpp, line 736]
Event: 83.787 Thread 0x000000001eba2000 Exception <a 'java/net/SocketTimeoutException': Read timed out> (0x00000000db9e08c0) thrown at [C:\ade\jenkins\workspace\8-2-build-windows-amd64-cygwin\jdk8u241\331\hotspot\src\share\vm\prims\jni.cpp, line 736]

Events (10 events):
Event: 84.803 Thread 0x000000001eba2000 DEOPT PACKING pc=0x00000000027d7f3c sp=0x000000002112bba0
Event: 84.803 Thread 0x000000001eba2000 DEOPT UNPACKING pc=0x0000000002627890 sp=0x000000002112b9c0 mode 1
Event: 84.804 loading class com/gargoylesoftware/css/parser/InputSource
Event: 84.804 loading class com/gargoylesoftware/css/parser/InputSource done
Event: 84.804 Thread 0x000000001eba2000 DEOPT PACKING pc=0x0000000002810c49 sp=0x000000002112b990
Event: 84.804 Thread 0x000000001eba2000 DEOPT UNPACKING pc=0x0000000002627890 sp=0x000000002112b6e0 mode 1
Event: 84.804 Thread 0x000000001eba2000 DEOPT PACKING pc=0x00000000027d7ff4 sp=0x000000002112ba10
Event: 84.804 Thread 0x000000001eba2000 DEOPT UNPACKING pc=0x0000000002627890 sp=0x000000002112b830 mode 1
Event: 84.804 Thread 0x000000001eba2000 DEOPT PACKING pc=0x00000000027d7f3c sp=0x000000002112bba0
Event: 84.804 Thread 0x000000001eba2000 DEOPT UNPACKING pc=0x0000000002627890 sp=0x000000002112b9c0 mode 1


Dynamic libraries:
0x00007ff65d840000 - 0x00007ff65d877000 	C:\Program Files\Java\jre1.8.0_241\bin\javaw.exe
0x00007ff9e0700000 - 0x00007ff9e08ed000 	C:\WINDOWS\SYSTEM32\ntdll.dll
0x00007ff9ddaf0000 - 0x00007ff9ddba3000 	C:\WINDOWS\System32\KERNEL32.DLL
0x00007ff9dc990000 - 0x00007ff9dcc23000 	C:\WINDOWS\System32\KERNELBASE.dll
0x00007ff9dffc0000 - 0x00007ff9e0063000 	C:\WINDOWS\System32\ADVAPI32.dll
0x00007ff9df750000 - 0x00007ff9df7ee000 	C:\WINDOWS\System32\msvcrt.dll
0x00007ff9ddbb0000 - 0x00007ff9ddc4e000 	C:\WINDOWS\System32\sechost.dll
0x00007ff9df990000 - 0x00007ff9dfab2000 	C:\WINDOWS\System32\RPCRT4.dll
0x00007ff9df7f0000 - 0x00007ff9df987000 	C:\WINDOWS\System32\USER32.dll
0x00007ff9dc920000 - 0x00007ff9dc940000 	C:\WINDOWS\System32\win32u.dll
0x00007ff9df350000 - 0x00007ff9df379000 	C:\WINDOWS\System32\GDI32.dll
0x00007ff9dcfb0000 - 0x00007ff9dd149000 	C:\WINDOWS\System32\gdi32full.dll
0x00007ff9dce60000 - 0x00007ff9dcf00000 	C:\WINDOWS\System32\msvcp_win.dll
0x00007ff9dc820000 - 0x00007ff9dc91a000 	C:\WINDOWS\System32\ucrtbase.dll
0x00007ff9c92e0000 - 0x00007ff9c9559000 	C:\WINDOWS\WinSxS\amd64_microsoft.windows.common-controls_6595b64144ccf1df_6.0.17763.864_none_05b3441807210760\COMCTL32.dll
0x00007ff9e02f0000 - 0x00007ff9e061c000 	C:\WINDOWS\System32\combase.dll
0x00007ff9dd8a0000 - 0x00007ff9dd91e000 	C:\WINDOWS\System32\bcryptPrimitives.dll
0x00007ff9df2c0000 - 0x00007ff9df2ee000 	C:\WINDOWS\System32\IMM32.DLL
0x0000000065f90000 - 0x0000000066062000 	C:\Program Files\Java\jre1.8.0_241\bin\msvcr100.dll
0x00000000656e0000 - 0x0000000065f8c000 	C:\Program Files\Java\jre1.8.0_241\bin\server\jvm.dll
0x00007ff9dd980000 - 0x00007ff9dd988000 	C:\WINDOWS\System32\PSAPI.DLL
0x00007ff9cced0000 - 0x00007ff9cced9000 	C:\WINDOWS\SYSTEM32\WSOCK32.dll
0x00007ff9dfad0000 - 0x00007ff9dfb3d000 	C:\WINDOWS\System32\WS2_32.dll
0x00007ff9d6fb0000 - 0x00007ff9d6fba000 	C:\WINDOWS\SYSTEM32\VERSION.dll
0x00007ff9d7f90000 - 0x00007ff9d7fb4000 	C:\WINDOWS\SYSTEM32\WINMM.dll
0x00007ff9d7e20000 - 0x00007ff9d7e4d000 	C:\WINDOWS\SYSTEM32\winmmbase.dll
0x00007ff9dc940000 - 0x00007ff9dc98a000 	C:\WINDOWS\System32\cfgmgr32.dll
0x00007ff9cd1a0000 - 0x00007ff9cd1af000 	C:\Program Files\Java\jre1.8.0_241\bin\verify.dll
0x00007ff9bdd30000 - 0x00007ff9bdd59000 	C:\Program Files\Java\jre1.8.0_241\bin\java.dll
0x00007ff9bfff0000 - 0x00007ff9c0025000 	C:\Program Files\Java\jre1.8.0_241\bin\jdwp.dll
0x00007ff9d2cb0000 - 0x00007ff9d2cb8000 	C:\Program Files\Java\jre1.8.0_241\bin\npt.dll
0x00007ff9bda70000 - 0x00007ff9bda86000 	C:\Program Files\Java\jre1.8.0_241\bin\zip.dll
0x00007ff9ddc50000 - 0x00007ff9df144000 	C:\WINDOWS\System32\SHELL32.dll
0x00007ff9e0240000 - 0x00007ff9e02e8000 	C:\WINDOWS\System32\shcore.dll
0x00007ff9dd150000 - 0x00007ff9dd89d000 	C:\WINDOWS\System32\windows.storage.dll
0x00007ff9dc730000 - 0x00007ff9dc754000 	C:\WINDOWS\System32\profapi.dll
0x00007ff9dc760000 - 0x00007ff9dc7bd000 	C:\WINDOWS\System32\powrprof.dll
0x00007ff9dd920000 - 0x00007ff9dd972000 	C:\WINDOWS\System32\shlwapi.dll
0x00007ff9dc710000 - 0x00007ff9dc721000 	C:\WINDOWS\System32\kernel.appcore.dll
0x00007ff9dcc60000 - 0x00007ff9dcc77000 	C:\WINDOWS\System32\cryptsp.dll
0x00007ff9cf4f0000 - 0x00007ff9cf4f9000 	C:\Program Files\Java\jre1.8.0_241\bin\dt_socket.dll
0x00007ff9d4e30000 - 0x00007ff9d4e46000 	C:\WINDOWS\system32\napinsp.dll
0x00007ff9d4ba0000 - 0x00007ff9d4bba000 	C:\WINDOWS\system32\pnrpnsp.dll
0x00007ff9dbeb0000 - 0x00007ff9dbf17000 	C:\WINDOWS\System32\mswsock.dll
0x00007ff9dbc20000 - 0x00007ff9dbce6000 	C:\WINDOWS\SYSTEM32\DNSAPI.dll
0x00007ff9df530000 - 0x00007ff9df538000 	C:\WINDOWS\System32\NSI.dll
0x00007ff9dbbe0000 - 0x00007ff9dbc1d000 	C:\WINDOWS\SYSTEM32\IPHLPAPI.DLL
0x00007ff9d4b90000 - 0x00007ff9d4b9e000 	C:\WINDOWS\System32\winrnr.dll
0x00007ff9d8f70000 - 0x00007ff9d8f8b000 	C:\WINDOWS\system32\NLAapi.dll
0x00007ff9d4e50000 - 0x00007ff9d4e65000 	C:\WINDOWS\system32\wshbth.dll
0x00007ff9d8be0000 - 0x00007ff9d8c59000 	C:\WINDOWS\System32\fwpuclnt.dll
0x00007ff9dcc30000 - 0x00007ff9dcc56000 	C:\WINDOWS\System32\bcrypt.dll
0x00007ff9d67b0000 - 0x00007ff9d67ba000 	C:\Windows\System32\rasadhlp.dll
0x00007ff9cd130000 - 0x00007ff9cd13d000 	C:\Program Files\Java\jre1.8.0_241\bin\management.dll
0x00007ff9bbc00000 - 0x00007ff9bbc1a000 	C:\Program Files\Java\jre1.8.0_241\bin\net.dll
0x00007ff9bb620000 - 0x00007ff9bb632000 	C:\Program Files\Java\jre1.8.0_241\bin\nio.dll
0x00007ff9dba40000 - 0x00007ff9dba73000 	C:\WINDOWS\system32\rsaenh.dll
0x00007ff9dc5f0000 - 0x00007ff9dc618000 	C:\WINDOWS\SYSTEM32\USERENV.dll
0x00007ff9dc030000 - 0x00007ff9dc03c000 	C:\WINDOWS\SYSTEM32\CRYPTBASE.dll
0x00007ff9d88c0000 - 0x00007ff9d88d6000 	C:\WINDOWS\SYSTEM32\dhcpcsvc6.DLL
0x00007ff9d88a0000 - 0x00007ff9d88bc000 	C:\WINDOWS\SYSTEM32\dhcpcsvc.DLL
0x00007ff9b4ef0000 - 0x00007ff9b4f14000 	C:\Program Files\Java\jre1.8.0_241\bin\sunec.dll
0x00007ff9cf500000 - 0x00007ff9cf50b000 	C:\Program Files\Java\jre1.8.0_241\bin\sunmscapi.dll
0x00007ff9dcc80000 - 0x00007ff9dce5b000 	C:\WINDOWS\System32\CRYPT32.dll
0x00007ff9dc6f0000 - 0x00007ff9dc702000 	C:\WINDOWS\System32\MSASN1.dll

VM Arguments:
jvm_args: -agentlib:jdwp=transport=dt_socket,suspend=y,address=localhost:63177 -Dcom.sun.management.jmxremote -Dcom.sun.management.jmxremote.port=63162 -Dcom.sun.management.jmxremote.authenticate=false -Dcom.sun.management.jmxremote.ssl=false -Djava.rmi.server.hostname=localhost -Dspring.jmx.enabled=true -Dspring.application.admin.enabled=true -Xverify:none -XX:TieredStopAtLevel=1 -Dspring.boot.project.name=robobrog-api -Dfile.encoding=UTF-8 
java_command: br.com.brognoli.RobobrogApiApplication --spring.output.ansi.enabled=always
java_class_path (initial): C:\Users\naidion.brovedan\Documents\julio\robobrog-api\target\classes;C:\Users\naidion.brovedan\.m2\repository\org\springframework\boot\spring-boot-starter-actuator\2.2.5.RELEASE\spring-boot-starter-actuator-2.2.5.RELEASE.jar;C:\Users\naidion.brovedan\.m2\repository\org\springframework\boot\spring-boot-starter\2.2.5.RELEASE\spring-boot-starter-2.2.5.RELEASE.jar;C:\Users\naidion.brovedan\.m2\repository\org\springframework\boot\spring-boot-starter-logging\2.2.5.RELEASE\spring-boot-starter-logging-2.2.5.RELEASE.jar;C:\Users\naidion.brovedan\.m2\repository\ch\qos\logback\logback-classic\1.2.3\logback-classic-1.2.3.jar;C:\Users\naidion.brovedan\.m2\repository\ch\qos\logback\logback-core\1.2.3\logback-core-1.2.3.jar;C:\Users\naidion.brovedan\.m2\repository\org\apache\logging\log4j\log4j-to-slf4j\2.12.1\log4j-to-slf4j-2.12.1.jar;C:\Users\naidion.brovedan\.m2\repository\org\apache\logging\log4j\log4j-api\2.12.1\log4j-api-2.12.1.jar;C:\Users\naidion.brovedan\.m2\repository\org\slf4j\jul-to-slf4j\1.7.30\jul-to-slf4j-1.7.30.jar;C:\Users\naidion.brovedan\.m2\repository\jakarta\annotation\jakarta.annotation-api\1.3.5\jakarta.annotation-api-1.3.5.jar;C:\Users\naidion.brovedan\.m2\repository\org\yaml\snakeyaml\1.25\snakeyaml-1.25.jar;C:\Users\naidion.brovedan\.m2\repository\org\springframework\boot\spring-boot-actuator-autoconfigure\2.2.5.RELEASE\spring-boot-actuator-autoconfigure-2.2.5.RELEASE.jar;C:\Users\naidion.brovedan\.m2\repository\org\springframework\boot\spring-boot-actuator\2.2.5.RELEASE\spring-boot-actuator-2.2.5.RELEASE.jar;C:\Users\naidion.brovedan\.m2\repository\com\fasterxml\jackson\core\jackson-databind\2.10.2\jackson-databind-2.10.2.jar;C:\Users\naidion.brovedan\.m2\repository\com\fasterxml\jackson\core\jackson-annotations\2.10.2\jackson-annotations-2.10.2.jar;C:\Users\naidion.brovedan\.m2\repository\com\fasterxml\jackson\core\jackson-core\2.10.2\jackson-core-2.10.2.jar;C:\Users\naidion.brovedan\.m2\repository\org\springframework\sprin
Launcher Type: SUN_STANDARD

Environment Variables:
JAVA_HOME=C:\Program Files (x86)\Java\jdk1.8.0_221
USERNAME=julio.silva
OS=Windows_NT
PROCESSOR_IDENTIFIER=Intel64 Family 6 Model 58 Stepping 9, GenuineIntel



---------------  S Y S T E M  ---------------

OS: Windows 10.0 , 64 bit Build 17763 (10.0.17763.475)

CPU:total 8 (initial active 8) (4 cores per cpu, 2 threads per core) family 6 model 58 stepping 9, cmov, cx8, fxsr, mmx, sse, sse2, sse3, ssse3, sse4.1, sse4.2, popcnt, avx, aes, clmul, erms, ht, tsc, tscinvbit, tscinv

Memory: 4k page, physical 8339212k(501220k free), swap 22815584k(512k free)

vm_info: Java HotSpot(TM) 64-Bit Server VM (25.241-b07) for windows-amd64 JRE (1.8.0_241-b07), built on Dec 11 2019 10:21:40 by "rejava" with MS VC++ 10.0 (VS2010)

time: Sun Mar 15 23:13:26 2020
timezone: Hora oficial do Brasil
elapsed time: 84 seconds (0d 0h 1m 24s)

